

Processing CalculatricesController#index (for 127.0.0.1 at 2009-02-18 17:16:54) [GET]
  [4;36;1mCalculatrice Load (0.0ms)[0m   [0;1mSQLite3::SQLException: no such table: calculatrices: SELECT * FROM "calculatrices" [0m

ActiveRecord::StatementInvalid (SQLite3::SQLException: no such table: calculatrices: SELECT * FROM "calculatrices" ):
  activerecord (2.3.0) lib/active_record/connection_adapters/abstract_adapter.rb:212:in `log'
  activerecord (2.3.0) lib/active_record/connection_adapters/sqlite_adapter.rb:132:in `execute'
  activerecord (2.3.0) lib/active_record/connection_adapters/sqlite_adapter.rb:372:in `catch_schema_changes'
  activerecord (2.3.0) lib/active_record/connection_adapters/sqlite_adapter.rb:132:in `execute'
  activerecord (2.3.0) lib/active_record/connection_adapters/sqlite_adapter.rb:275:in `select'
  activerecord (2.3.0) lib/active_record/connection_adapters/abstract/database_statements.rb:7:in `select_all_without_query_cache'
  activerecord (2.3.0) lib/active_record/connection_adapters/abstract/query_cache.rb:60:in `select_all'
  activerecord (2.3.0) lib/active_record/connection_adapters/abstract/query_cache.rb:81:in `cache_sql'
  activerecord (2.3.0) lib/active_record/connection_adapters/abstract/query_cache.rb:60:in `select_all'
  activerecord (2.3.0) lib/active_record/base.rb:661:in `find_by_sql'
  activerecord (2.3.0) lib/active_record/base.rb:1554:in `find_every'
  activerecord (2.3.0) lib/active_record/base.rb:615:in `find'
  app/controllers/calculatrices_controller.rb:5:in `index'
  actionpack (2.3.0) lib/action_controller/base.rb:1261:in `send'
  actionpack (2.3.0) lib/action_controller/base.rb:1261:in `perform_action_without_filters'
  actionpack (2.3.0) lib/action_controller/filters.rb:617:in `call_filters'
  actionpack (2.3.0) lib/action_controller/filters.rb:610:in `perform_action_without_benchmark'
  actionpack (2.3.0) lib/action_controller/benchmarking.rb:68:in `perform_action_without_rescue'
  actionpack (2.3.0) lib/action_controller/benchmarking.rb:68:in `perform_action_without_rescue'
  actionpack (2.3.0) lib/action_controller/rescue.rb:154:in `perform_action_without_flash'
  actionpack (2.3.0) lib/action_controller/flash.rb:141:in `perform_action'
  actionpack (2.3.0) lib/action_controller/base.rb:523:in `send'
  actionpack (2.3.0) lib/action_controller/base.rb:523:in `process_without_filters'
  actionpack (2.3.0) lib/action_controller/filters.rb:606:in `process'
  actionpack (2.3.0) lib/action_controller/base.rb:391:in `process'
  actionpack (2.3.0) lib/action_controller/base.rb:386:in `call'
  actionpack (2.3.0) lib/action_controller/routing/route_set.rb:433:in `call'
  actionpack (2.3.0) lib/action_controller/dispatcher.rb:65:in `dispatch'
  actionpack (2.3.0) lib/action_controller/dispatcher.rb:88:in `_call'
  actionpack (2.3.0) lib/action_controller/dispatcher.rb:59:in `initialize'
  activerecord (2.3.0) lib/active_record/query_cache.rb:29:in `call'
  activerecord (2.3.0) lib/active_record/query_cache.rb:29:in `call'
  activerecord (2.3.0) lib/active_record/connection_adapters/abstract/query_cache.rb:34:in `cache'
  activerecord (2.3.0) lib/active_record/query_cache.rb:9:in `cache'
  activerecord (2.3.0) lib/active_record/query_cache.rb:28:in `call'
  actionpack (2.3.0) lib/action_controller/params_parser.rb:15:in `call'
  actionpack (2.3.0) lib/action_controller/rewindable_input.rb:25:in `call'
  actionpack (2.3.0) lib/action_controller/session/cookie_store.rb:93:in `call'
  actionpack (2.3.0) lib/action_controller/failsafe.rb:11:in `call'
  actionpack (2.3.0) lib/action_controller/rack_ext/lock.rb:15:in `call'
  actionpack (2.3.0) lib/action_controller/rack_ext/lock.rb:15:in `synchronize'
  actionpack (2.3.0) lib/action_controller/rack_ext/lock.rb:15:in `call'
  actionpack (2.3.0) lib/action_controller/dispatcher.rb:83:in `call'
  rails (2.3.0) lib/rails/rack/static.rb:27:in `call'
  rails (2.3.0) lib/rails/rack/log_tailer.rb:17:in `call'
  rails (2.3.0) lib/commands/server.rb:100

Rendered rescues/_trace (135.2ms)
Rendered rescues/_request_and_response (0.7ms)
Rendering rescues/layout (internal_server_error)


Processing CalculatricesController#index (for 127.0.0.1 at 2009-02-18 17:20:18) [GET]
Rendering template within layouts/application
Rendering calculatrices/index

ActionView::TemplateError (undefined local variable or method `calculatrice' for #<ActionView::Base:0xb6b9d5b4>) on line #8 of app/views/calculatrices/index.html.erb:
5:   </tr>
6: 
7:   <tr>
8:     <td><%= link_to 'Show', calculatrice %></td>
9:     <td><%= link_to 'Edit', edit_calculatrice_path(calculatrice) %></td>
10:     <td><%= link_to 'Destroy', calculatrice, :confirm => 'Are you sure?', :method => :delete %></td>
11:   </tr>

    app/views/calculatrices/index.html.erb:8
    actionpack (2.3.0) lib/action_view/renderable.rb:35:in `send'
    actionpack (2.3.0) lib/action_view/renderable.rb:35:in `render'
    actionpack (2.3.0) lib/action_view/template.rb:182:in `render_template'
    actionpack (2.3.0) lib/action_view/base.rb:247:in `render'
    actionpack (2.3.0) lib/action_view/base.rb:318:in `_render_with_layout'
    actionpack (2.3.0) lib/action_view/base.rb:244:in `render'
    actionpack (2.3.0) lib/action_controller/base.rb:1180:in `render_for_file'
    actionpack (2.3.0) lib/action_controller/base.rb:906:in `render_without_benchmark'
    actionpack (2.3.0) lib/action_controller/benchmarking.rb:51:in `render'
    actionpack (2.3.0) lib/action_controller/benchmarking.rb:51:in `render'
    actionpack (2.3.0) lib/action_controller/base.rb:1256:in `default_render'
    actionpack (2.3.0) lib/action_controller/base.rb:1262:in `perform_action_without_filters'
    actionpack (2.3.0) lib/action_controller/filters.rb:617:in `call_filters'
    actionpack (2.3.0) lib/action_controller/filters.rb:610:in `perform_action_without_benchmark'
    actionpack (2.3.0) lib/action_controller/benchmarking.rb:68:in `perform_action_without_rescue'
    actionpack (2.3.0) lib/action_controller/benchmarking.rb:68:in `perform_action_without_rescue'
    actionpack (2.3.0) lib/action_controller/rescue.rb:154:in `perform_action_without_flash'
    actionpack (2.3.0) lib/action_controller/flash.rb:141:in `perform_action'
    actionpack (2.3.0) lib/action_controller/base.rb:523:in `send'
    actionpack (2.3.0) lib/action_controller/base.rb:523:in `process_without_filters'
    actionpack (2.3.0) lib/action_controller/filters.rb:606:in `process'
    actionpack (2.3.0) lib/action_controller/base.rb:391:in `process'
    actionpack (2.3.0) lib/action_controller/base.rb:386:in `call'
    actionpack (2.3.0) lib/action_controller/routing/route_set.rb:433:in `call'
    actionpack (2.3.0) lib/action_controller/dispatcher.rb:65:in `dispatch'
    actionpack (2.3.0) lib/action_controller/dispatcher.rb:88:in `_call'
    actionpack (2.3.0) lib/action_controller/dispatcher.rb:59:in `initialize'
    activerecord (2.3.0) lib/active_record/query_cache.rb:29:in `call'
    activerecord (2.3.0) lib/active_record/query_cache.rb:29:in `call'
    activerecord (2.3.0) lib/active_record/connection_adapters/abstract/query_cache.rb:34:in `cache'
    activerecord (2.3.0) lib/active_record/query_cache.rb:9:in `cache'
    activerecord (2.3.0) lib/active_record/query_cache.rb:28:in `call'
    actionpack (2.3.0) lib/action_controller/params_parser.rb:15:in `call'
    actionpack (2.3.0) lib/action_controller/rewindable_input.rb:25:in `call'
    actionpack (2.3.0) lib/action_controller/session/cookie_store.rb:93:in `call'
    actionpack (2.3.0) lib/action_controller/failsafe.rb:11:in `call'
    actionpack (2.3.0) lib/action_controller/rack_ext/lock.rb:15:in `call'
    actionpack (2.3.0) lib/action_controller/rack_ext/lock.rb:15:in `synchronize'
    actionpack (2.3.0) lib/action_controller/rack_ext/lock.rb:15:in `call'
    actionpack (2.3.0) lib/action_controller/dispatcher.rb:83:in `call'
    rails (2.3.0) lib/rails/rack/static.rb:27:in `call'
    rails (2.3.0) lib/rails/rack/log_tailer.rb:17:in `call'
    rails (2.3.0) lib/commands/server.rb:100

Rendered rescues/_trace (135.4ms)
Rendered rescues/_request_and_response (0.7ms)
Rendering rescues/layout (internal_server_error)


Processing CalculatricesController#index (for 127.0.0.1 at 2009-02-18 17:21:02) [GET]
Rendering template within layouts/application
Rendering calculatrices/index

ActionView::TemplateError (undefined local variable or method `calculatrice' for #<ActionView::Base:0xb6ecb5ec>) on line #9 of app/views/calculatrices/index.html.erb:
6: 
7:   <tr>
8:     <td>1</td>
9:     <td>+ 1<%= link_to 'Edit', edit_calculatrice_path(calculatrice) %></td>
10:     <td>Bouton additioner </td>
11:   </tr>
12: </table>

    app/views/calculatrices/index.html.erb:9
    actionpack (2.3.0) lib/action_view/renderable.rb:35:in `send'
    actionpack (2.3.0) lib/action_view/renderable.rb:35:in `render'
    actionpack (2.3.0) lib/action_view/template.rb:182:in `render_template'
    actionpack (2.3.0) lib/action_view/base.rb:247:in `render'
    actionpack (2.3.0) lib/action_view/base.rb:318:in `_render_with_layout'
    actionpack (2.3.0) lib/action_view/base.rb:244:in `render'
    actionpack (2.3.0) lib/action_controller/base.rb:1180:in `render_for_file'
    actionpack (2.3.0) lib/action_controller/base.rb:906:in `render_without_benchmark'
    actionpack (2.3.0) lib/action_controller/benchmarking.rb:51:in `render'
    actionpack (2.3.0) lib/action_controller/benchmarking.rb:51:in `render'
    actionpack (2.3.0) lib/action_controller/base.rb:1256:in `default_render'
    actionpack (2.3.0) lib/action_controller/base.rb:1262:in `perform_action_without_filters'
    actionpack (2.3.0) lib/action_controller/filters.rb:617:in `call_filters'
    actionpack (2.3.0) lib/action_controller/filters.rb:610:in `perform_action_without_benchmark'
    actionpack (2.3.0) lib/action_controller/benchmarking.rb:68:in `perform_action_without_rescue'
    actionpack (2.3.0) lib/action_controller/benchmarking.rb:68:in `perform_action_without_rescue'
    actionpack (2.3.0) lib/action_controller/rescue.rb:154:in `perform_action_without_flash'
    actionpack (2.3.0) lib/action_controller/flash.rb:141:in `perform_action'
    actionpack (2.3.0) lib/action_controller/base.rb:523:in `send'
    actionpack (2.3.0) lib/action_controller/base.rb:523:in `process_without_filters'
    actionpack (2.3.0) lib/action_controller/filters.rb:606:in `process'
    actionpack (2.3.0) lib/action_controller/base.rb:391:in `process'
    actionpack (2.3.0) lib/action_controller/base.rb:386:in `call'
    actionpack (2.3.0) lib/action_controller/routing/route_set.rb:433:in `call'
    actionpack (2.3.0) lib/action_controller/dispatcher.rb:65:in `dispatch'
    actionpack (2.3.0) lib/action_controller/dispatcher.rb:88:in `_call'
    actionpack (2.3.0) lib/action_controller/dispatcher.rb:59:in `initialize'
    activerecord (2.3.0) lib/active_record/query_cache.rb:29:in `call'
    activerecord (2.3.0) lib/active_record/query_cache.rb:29:in `call'
    activerecord (2.3.0) lib/active_record/connection_adapters/abstract/query_cache.rb:34:in `cache'
    activerecord (2.3.0) lib/active_record/query_cache.rb:9:in `cache'
    activerecord (2.3.0) lib/active_record/query_cache.rb:28:in `call'
    actionpack (2.3.0) lib/action_controller/params_parser.rb:15:in `call'
    actionpack (2.3.0) lib/action_controller/rewindable_input.rb:25:in `call'
    actionpack (2.3.0) lib/action_controller/session/cookie_store.rb:93:in `call'
    actionpack (2.3.0) lib/action_controller/failsafe.rb:11:in `call'
    actionpack (2.3.0) lib/action_controller/rack_ext/lock.rb:15:in `call'
    actionpack (2.3.0) lib/action_controller/rack_ext/lock.rb:15:in `synchronize'
    actionpack (2.3.0) lib/action_controller/rack_ext/lock.rb:15:in `call'
    actionpack (2.3.0) lib/action_controller/dispatcher.rb:83:in `call'
    rails (2.3.0) lib/rails/rack/static.rb:27:in `call'
    rails (2.3.0) lib/rails/rack/log_tailer.rb:17:in `call'
    rails (2.3.0) lib/commands/server.rb:100

Rendered rescues/_trace (52.3ms)
Rendered rescues/_request_and_response (0.3ms)
Rendering rescues/layout (internal_server_error)


Processing CalculatricesController#index (for 127.0.0.1 at 2009-02-18 17:21:11) [GET]
Rendering template within layouts/application
Rendering calculatrices/index
Completed in 73ms (View: 71, DB: 0) | 200 OK [http://localhost/calculatrices]
  [4;36;1mSQL (0.6ms)[0m   [0;1m SELECT name
 FROM sqlite_master
 WHERE type = 'table' AND NOT name = 'sqlite_sequence'
[0m
  [4;35;1mSQL (0.4ms)[0m   [0mselect sqlite_version(*)[0m
  [4;36;1mSQL (3.6ms)[0m   [0;1mCREATE TABLE "schema_migrations" ("version" varchar(255) NOT NULL) [0m
  [4;35;1mSQL (3.3ms)[0m   [0mCREATE UNIQUE INDEX "unique_schema_migrations" ON "schema_migrations" ("version")[0m
  [4;36;1mSQL (0.4ms)[0m   [0;1m SELECT name
 FROM sqlite_master
 WHERE type = 'table' AND NOT name = 'sqlite_sequence'
[0m
  [4;35;1mSQL (0.2ms)[0m   [0mSELECT version FROM schema_migrations[0m
Migrating to CreateCalculatrices (20090218161430)
  [4;36;1mSQL (4.0ms)[0m   [0;1mCREATE TABLE "calculatrices" ("id" INTEGER PRIMARY KEY AUTOINCREMENT NOT NULL, "created_at" datetime, "updated_at" datetime) [0m
  [4;35;1mSQL (2.8ms)[0m   [0mINSERT INTO schema_migrations (version) VALUES ('20090218161430')[0m
  [4;36;1mSQL (0.7ms)[0m   [0;1m SELECT name
 FROM sqlite_master
 WHERE type = 'table' AND NOT name = 'sqlite_sequence'
[0m
  [4;35;1mSQL (0.4ms)[0m   [0mSELECT version FROM schema_migrations[0m
  [4;36;1mSQL (0.5ms)[0m   [0;1m SELECT name
 FROM sqlite_master
 WHERE type = 'table' AND NOT name = 'sqlite_sequence'
[0m
  [4;35;1mSQL (0.1ms)[0m   [0mPRAGMA index_list("calculatrices")[0m
  [4;36;1mSQL (1.1ms)[0m   [0;1m SELECT name
 FROM sqlite_master
 WHERE type = 'table' AND NOT name = 'sqlite_sequence'
[0m
  [4;35;1mSQL (0.3ms)[0m   [0mSELECT version FROM schema_migrations[0m
  [4;36;1mSQL (0.4ms)[0m   [0;1mselect sqlite_version(*)[0m
  [4;35;1mSQL (0.3ms)[0m   [0m SELECT name
 FROM sqlite_master
 WHERE type = 'table' AND NOT name = 'sqlite_sequence'
[0m
  [4;36;1mSQL (7.6ms)[0m   [0;1mCREATE TABLE "calculatrices" ("id" INTEGER PRIMARY KEY AUTOINCREMENT NOT NULL, "created_at" datetime, "updated_at" datetime) [0m
  [4;35;1mSQL (0.5ms)[0m   [0m SELECT name
 FROM sqlite_master
 WHERE type = 'table' AND NOT name = 'sqlite_sequence'
[0m
  [4;36;1mSQL (3.0ms)[0m   [0;1mCREATE TABLE "schema_migrations" ("version" varchar(255) NOT NULL) [0m
  [4;35;1mSQL (3.2ms)[0m   [0mCREATE UNIQUE INDEX "unique_schema_migrations" ON "schema_migrations" ("version")[0m
  [4;36;1mSQL (0.5ms)[0m   [0;1m SELECT name
 FROM sqlite_master
 WHERE type = 'table' AND NOT name = 'sqlite_sequence'
[0m
  [4;35;1mSQL (0.2ms)[0m   [0mSELECT version FROM "schema_migrations"[0m
  [4;36;1mSQL (2.5ms)[0m   [0;1mINSERT INTO "schema_migrations" (version) VALUES ('20090218161430')[0m
  [4;36;1mSQL (1.0ms)[0m   [0;1m SELECT name
 FROM sqlite_master
 WHERE type = 'table' AND NOT name = 'sqlite_sequence'
[0m
  [4;35;1mSQL (0.3ms)[0m   [0mSELECT version FROM schema_migrations[0m
Migrating to CreateCalculatrices (20090218161430)
  [4;36;1mSQL (0.3ms)[0m   [0;1mselect sqlite_version(*)[0m
  [4;35;1mSQL (0.4ms)[0m   [0m SELECT name
 FROM sqlite_master
 WHERE type = 'table' AND NOT name = 'sqlite_sequence'
[0m
  [4;36;1mSQL (0.2ms)[0m   [0;1mSELECT version FROM schema_migrations[0m
  [4;35;1mSQL (0.3ms)[0m   [0m SELECT name
 FROM sqlite_master
 WHERE type = 'table' AND NOT name = 'sqlite_sequence'
[0m
  [4;36;1mSQL (0.1ms)[0m   [0;1mPRAGMA index_list("calculatrices")[0m
  [4;36;1mSQL (1.0ms)[0m   [0;1m SELECT name
 FROM sqlite_master
 WHERE type = 'table' AND NOT name = 'sqlite_sequence'
[0m
  [4;35;1mSQL (0.3ms)[0m   [0mSELECT version FROM schema_migrations[0m
  [4;36;1mSQL (0.3ms)[0m   [0;1mselect sqlite_version(*)[0m
  [4;35;1mSQL (0.3ms)[0m   [0m SELECT name
 FROM sqlite_master
 WHERE type = 'table' AND NOT name = 'sqlite_sequence'
[0m
  [4;36;1mSQL (5.7ms)[0m   [0;1mCREATE TABLE "calculatrices" ("id" INTEGER PRIMARY KEY AUTOINCREMENT NOT NULL, "created_at" datetime, "updated_at" datetime) [0m
  [4;35;1mSQL (0.3ms)[0m   [0m SELECT name
 FROM sqlite_master
 WHERE type = 'table' AND NOT name = 'sqlite_sequence'
[0m
  [4;36;1mSQL (3.1ms)[0m   [0;1mCREATE TABLE "schema_migrations" ("version" varchar(255) NOT NULL) [0m
  [4;35;1mSQL (3.5ms)[0m   [0mCREATE UNIQUE INDEX "unique_schema_migrations" ON "schema_migrations" ("version")[0m
  [4;36;1mSQL (0.3ms)[0m   [0;1m SELECT name
 FROM sqlite_master
 WHERE type = 'table' AND NOT name = 'sqlite_sequence'
[0m
  [4;35;1mSQL (0.1ms)[0m   [0mSELECT version FROM "schema_migrations"[0m
  [4;36;1mSQL (2.8ms)[0m   [0;1mINSERT INTO "schema_migrations" (version) VALUES ('20090218161430')[0m


Processing CalculatriceController#index (for 127.0.0.1 at 2009-02-19 12:42:08) [GET]

ActionView::MissingTemplate (Missing template calculatrice/index.erb in view path app/views):
  

Rendering rescues/layout (internal_server_error)


Processing CalculatriceController#index (for 127.0.0.1 at 2009-02-19 12:42:21) [GET]
Rendering template within layouts/application
Rendering calculatrice/index
Completed in 76ms (View: 71, DB: 0) | 200 OK [http://localhost/calculatrice]


Processing CalculatriceController#index (for 127.0.0.1 at 2009-02-19 13:04:31) [GET]
Rendering template within layouts/application
Rendering calculatrice/index

ActionView::TemplateError (wrong number of arguments (0 for 1)) on line #4 of app/views/calculatrice/index.html.erb:
1: <h1>Listing calculatrices</h1>
2: 
3: <% form_for :calculatrice, :url => { :action => "additioner" } do |f| %>
4:   <%= t.text_field :a -%>
5: 
6:   <%= submit_tag '='%>
7: 

    app/views/calculatrice/index.html.erb:4:in `t'
    app/views/calculatrice/index.html.erb:4
    app/views/calculatrice/index.html.erb:3

Rendered rescues/_trace (53.0ms)
Rendered rescues/_request_and_response (9.8ms)
Rendering rescues/layout (internal_server_error)


Processing CalculatriceController#index (for 127.0.0.1 at 2009-02-19 13:04:47) [GET]
Rendering template within layouts/application
Rendering calculatrice/index

ActionView::TemplateError (wrong number of arguments (0 for 1)) on line #4 of app/views/calculatrice/index.html.erb:
1: <h1>Listing calculatrices</h1>
2: 
3: <% form_for :calculatrice, :url => { :action => "additioner" } do |f| %>
4:   <%= t.text_field :a -%>
5: 
6:   <%= submit_tag '='%>
7: 

    app/views/calculatrice/index.html.erb:4:in `t'
    app/views/calculatrice/index.html.erb:4
    app/views/calculatrice/index.html.erb:3

Rendered rescues/_trace (140.2ms)
Rendered rescues/_request_and_response (0.9ms)
Rendering rescues/layout (internal_server_error)


Processing CalculatriceController#index (for 127.0.0.1 at 2009-02-19 13:04:56) [GET]
Rendering template within layouts/application
Rendering calculatrice/index

ActionView::TemplateError (wrong number of arguments (0 for 1)) on line #4 of app/views/calculatrice/index.html.erb:
1: <h1>Listing calculatrices</h1>
2: 
3: <% form_for :calculatrice, :url => { :action => "additioner" } do |f| %>
4:   <%= t.text_field :a -%>
5: 
6:   <%= submit_tag '='%>
7: 

    app/views/calculatrice/index.html.erb:4:in `t'
    app/views/calculatrice/index.html.erb:4
    app/views/calculatrice/index.html.erb:3

Rendered rescues/_trace (55.4ms)
Rendered rescues/_request_and_response (0.7ms)
Rendering rescues/layout (internal_server_error)


Processing CalculatriceController#index (for 127.0.0.1 at 2009-02-19 13:05:33) [GET]
Rendering template within layouts/application
Rendering calculatrice/index

ActionView::TemplateError (undefined method `a' for #<Calculatrice id: nil, created_at: nil, updated_at: nil>) on line #4 of app/views/calculatrice/index.html.erb:
1: <h1>Listing calculatrices</h1>
2: 
3: <% form_for :calculatrice, :url => { :action => "additioner" } do |f| %>
4:   <%= f.text_field :a -%>
5: 
6:   <%= submit_tag '='%>
7: 

    app/views/calculatrice/index.html.erb:4
    app/views/calculatrice/index.html.erb:3

Rendered rescues/_trace (142.7ms)
Rendered rescues/_request_and_response (0.4ms)
Rendering rescues/layout (internal_server_error)
  [4;36;1mSQL (1.0ms)[0m   [0;1m SELECT name
 FROM sqlite_master
 WHERE type = 'table' AND NOT name = 'sqlite_sequence'
[0m
  [4;35;1mSQL (0.3ms)[0m   [0mSELECT version FROM schema_migrations[0m
Migrating to CreateCalculatrices (20090218161430)
  [4;36;1mSQL (0.3ms)[0m   [0;1mselect sqlite_version(*)[0m
  [4;35;1mSQL (0.4ms)[0m   [0m SELECT name
 FROM sqlite_master
 WHERE type = 'table' AND NOT name = 'sqlite_sequence'
[0m
  [4;36;1mSQL (0.4ms)[0m   [0;1mSELECT version FROM schema_migrations[0m
  [4;35;1mSQL (0.4ms)[0m   [0m SELECT name
 FROM sqlite_master
 WHERE type = 'table' AND NOT name = 'sqlite_sequence'
[0m
  [4;36;1mSQL (0.1ms)[0m   [0;1mPRAGMA index_list("calculatrices")[0m
  [4;36;1mSQL (1.0ms)[0m   [0;1m SELECT name
 FROM sqlite_master
 WHERE type = 'table' AND NOT name = 'sqlite_sequence'
[0m
  [4;35;1mSQL (0.2ms)[0m   [0mSELECT version FROM schema_migrations[0m
  [4;36;1mSQL (0.3ms)[0m   [0;1mselect sqlite_version(*)[0m
  [4;35;1mSQL (0.3ms)[0m   [0m SELECT name
 FROM sqlite_master
 WHERE type = 'table' AND NOT name = 'sqlite_sequence'
[0m
  [4;36;1mSQL (3.9ms)[0m   [0;1mCREATE TABLE "calculatrices" ("id" INTEGER PRIMARY KEY AUTOINCREMENT NOT NULL, "created_at" datetime, "updated_at" datetime) [0m
  [4;35;1mSQL (0.3ms)[0m   [0m SELECT name
 FROM sqlite_master
 WHERE type = 'table' AND NOT name = 'sqlite_sequence'
[0m
  [4;36;1mSQL (2.7ms)[0m   [0;1mCREATE TABLE "schema_migrations" ("version" varchar(255) NOT NULL) [0m
  [4;35;1mSQL (3.1ms)[0m   [0mCREATE UNIQUE INDEX "unique_schema_migrations" ON "schema_migrations" ("version")[0m
  [4;36;1mSQL (0.4ms)[0m   [0;1m SELECT name
 FROM sqlite_master
 WHERE type = 'table' AND NOT name = 'sqlite_sequence'
[0m
  [4;35;1mSQL (0.1ms)[0m   [0mSELECT version FROM "schema_migrations"[0m
  [4;36;1mSQL (2.8ms)[0m   [0;1mINSERT INTO "schema_migrations" (version) VALUES ('20090218161430')[0m
  [4;36;1mSQL (0.9ms)[0m   [0;1m SELECT name
 FROM sqlite_master
 WHERE type = 'table' AND NOT name = 'sqlite_sequence'
[0m
  [4;35;1mSQL (0.3ms)[0m   [0mSELECT version FROM schema_migrations[0m
  [4;36;1mSQL (0.3ms)[0m   [0;1m SELECT name
 FROM sqlite_master
 WHERE type = 'table' AND NOT name = 'sqlite_sequence'
[0m
  [4;35;1mSQL (0.2ms)[0m   [0mSELECT version FROM schema_migrations[0m
Migrating to CreateCalculatrices (20090218161430)
  [4;36;1mSQL (6.7ms)[0m   [0;1mDROP TABLE "calculatrices"[0m
  [4;35;1mSQL (2.6ms)[0m   [0mDELETE FROM schema_migrations WHERE version = '20090218161430'[0m
  [4;36;1mSQL (0.3ms)[0m   [0;1mselect sqlite_version(*)[0m
  [4;35;1mSQL (0.3ms)[0m   [0m SELECT name
 FROM sqlite_master
 WHERE type = 'table' AND NOT name = 'sqlite_sequence'
[0m
  [4;36;1mSQL (0.1ms)[0m   [0;1mSELECT version FROM schema_migrations[0m
  [4;35;1mSQL (0.3ms)[0m   [0m SELECT name
 FROM sqlite_master
 WHERE type = 'table' AND NOT name = 'sqlite_sequence'
[0m
  [4;36;1mSQL (0.3ms)[0m   [0;1m SELECT name
 FROM sqlite_master
 WHERE type = 'table' AND NOT name = 'sqlite_sequence'
[0m
  [4;35;1mSQL (0.1ms)[0m   [0mSELECT version FROM schema_migrations[0m
Migrating to CreateCalculatrices (20090218161430)
  [4;36;1mSQL (2.6ms)[0m   [0;1mCREATE TABLE "calculatrices" ("id" INTEGER PRIMARY KEY AUTOINCREMENT NOT NULL, "a" integer, "b" integer, "created_at" datetime, "updated_at" datetime) [0m
  [4;35;1mSQL (5.7ms)[0m   [0mINSERT INTO schema_migrations (version) VALUES ('20090218161430')[0m
  [4;36;1mSQL (0.9ms)[0m   [0;1m SELECT name
 FROM sqlite_master
 WHERE type = 'table' AND NOT name = 'sqlite_sequence'
[0m
  [4;35;1mSQL (0.3ms)[0m   [0mSELECT version FROM schema_migrations[0m
  [4;36;1mSQL (0.3ms)[0m   [0;1m SELECT name
 FROM sqlite_master
 WHERE type = 'table' AND NOT name = 'sqlite_sequence'
[0m
  [4;35;1mSQL (0.3ms)[0m   [0mselect sqlite_version(*)[0m
  [4;36;1mSQL (4.7ms)[0m   [0;1mCREATE TABLE "schema_migrations" ("version" varchar(255) NOT NULL) [0m
  [4;35;1mSQL (2.9ms)[0m   [0mCREATE UNIQUE INDEX "unique_schema_migrations" ON "schema_migrations" ("version")[0m
  [4;36;1mSQL (0.3ms)[0m   [0;1m SELECT name
 FROM sqlite_master
 WHERE type = 'table' AND NOT name = 'sqlite_sequence'
[0m
  [4;35;1mSQL (0.1ms)[0m   [0mSELECT version FROM "schema_migrations"[0m
  [4;36;1mSQL (2.7ms)[0m   [0;1mINSERT INTO "schema_migrations" (version) VALUES ('0')[0m


Processing CalculatriceController#index (for 127.0.0.1 at 2009-02-19 13:07:23) [GET]
Rendering template within layouts/application
Rendering calculatrice/index
Completed in 34ms (View: 26, DB: 0) | 200 OK [http://localhost/calculatrice]


Processing CalculatriceController#index (for 127.0.0.1 at 2009-02-19 13:07:54) [GET]
Rendering template within layouts/application
Rendering calculatrice/index
Completed in 20ms (View: 11, DB: 0) | 200 OK [http://localhost/calculatrice]


Processing CalculatriceController#index (for 127.0.0.1 at 2009-02-19 13:08:29) [GET]
Rendering template within layouts/application
Rendering calculatrice/index
Completed in 24ms (View: 11, DB: 0) | 200 OK [http://localhost/calculatrice]
  [4;36;1mSQL (0.9ms)[0m   [0;1m SELECT name
 FROM sqlite_master
 WHERE type = 'table' AND NOT name = 'sqlite_sequence'
[0m
  [4;35;1mSQL (0.3ms)[0m   [0mSELECT version FROM schema_migrations[0m
  [4;36;1mSQL (0.3ms)[0m   [0;1m SELECT name
 FROM sqlite_master
 WHERE type = 'table' AND NOT name = 'sqlite_sequence'
[0m
  [4;35;1mSQL (0.2ms)[0m   [0mSELECT version FROM schema_migrations[0m
Migrating to CreateCalculatrices (20090218161430)
  [4;36;1mSQL (6.7ms)[0m   [0;1mDROP TABLE "calculatrices"[0m
  [4;35;1mSQL (5.1ms)[0m   [0mDELETE FROM schema_migrations WHERE version = '20090218161430'[0m
  [4;36;1mSQL (0.3ms)[0m   [0;1mselect sqlite_version(*)[0m
  [4;35;1mSQL (0.3ms)[0m   [0m SELECT name
 FROM sqlite_master
 WHERE type = 'table' AND NOT name = 'sqlite_sequence'
[0m
  [4;36;1mSQL (0.2ms)[0m   [0;1mSELECT version FROM schema_migrations[0m
  [4;35;1mSQL (0.2ms)[0m   [0m SELECT name
 FROM sqlite_master
 WHERE type = 'table' AND NOT name = 'sqlite_sequence'
[0m
  [4;36;1mSQL (0.3ms)[0m   [0;1m SELECT name
 FROM sqlite_master
 WHERE type = 'table' AND NOT name = 'sqlite_sequence'
[0m
  [4;35;1mSQL (0.1ms)[0m   [0mSELECT version FROM schema_migrations[0m
Migrating to CreateCalculatrices (20090218161430)
  [4;36;1mSQL (2.4ms)[0m   [0;1mCREATE TABLE "calculatrices" ("id" INTEGER PRIMARY KEY AUTOINCREMENT NOT NULL, "a" integer, "b" integer, "operator" varchar(255), "created_at" datetime, "updated_at" datetime) [0m
  [4;35;1mSQL (2.5ms)[0m   [0mINSERT INTO schema_migrations (version) VALUES ('20090218161430')[0m
  [4;36;1mSQL (1.0ms)[0m   [0;1m SELECT name
 FROM sqlite_master
 WHERE type = 'table' AND NOT name = 'sqlite_sequence'
[0m
  [4;35;1mSQL (0.2ms)[0m   [0mSELECT version FROM schema_migrations[0m
  [4;36;1mSQL (0.3ms)[0m   [0;1m SELECT name
 FROM sqlite_master
 WHERE type = 'table' AND NOT name = 'sqlite_sequence'
[0m
  [4;35;1mSQL (0.3ms)[0m   [0mselect sqlite_version(*)[0m
  [4;36;1mSQL (7.7ms)[0m   [0;1mCREATE TABLE "schema_migrations" ("version" varchar(255) NOT NULL) [0m
  [4;35;1mSQL (2.8ms)[0m   [0mCREATE UNIQUE INDEX "unique_schema_migrations" ON "schema_migrations" ("version")[0m
  [4;36;1mSQL (0.3ms)[0m   [0;1m SELECT name
 FROM sqlite_master
 WHERE type = 'table' AND NOT name = 'sqlite_sequence'
[0m
  [4;35;1mSQL (0.2ms)[0m   [0mSELECT version FROM "schema_migrations"[0m
  [4;36;1mSQL (2.6ms)[0m   [0;1mINSERT INTO "schema_migrations" (version) VALUES ('0')[0m
  [4;36;1mSQL (1.0ms)[0m   [0;1m SELECT name
 FROM sqlite_master
 WHERE type = 'table' AND NOT name = 'sqlite_sequence'
[0m
  [4;35;1mSQL (0.2ms)[0m   [0mSELECT version FROM schema_migrations[0m
  [4;36;1mSQL (0.3ms)[0m   [0;1m SELECT name
 FROM sqlite_master
 WHERE type = 'table' AND NOT name = 'sqlite_sequence'
[0m
  [4;35;1mSQL (0.3ms)[0m   [0mselect sqlite_version(*)[0m
  [4;36;1mSQL (3.3ms)[0m   [0;1mCREATE TABLE "schema_migrations" ("version" varchar(255) NOT NULL) [0m
  [4;35;1mSQL (2.9ms)[0m   [0mCREATE UNIQUE INDEX "unique_schema_migrations" ON "schema_migrations" ("version")[0m
  [4;36;1mSQL (0.3ms)[0m   [0;1m SELECT name
 FROM sqlite_master
 WHERE type = 'table' AND NOT name = 'sqlite_sequence'
[0m
  [4;35;1mSQL (0.1ms)[0m   [0mSELECT version FROM "schema_migrations"[0m
  [4;36;1mSQL (2.6ms)[0m   [0;1mINSERT INTO "schema_migrations" (version) VALUES ('0')[0m
  [4;36;1mSQL (0.5ms)[0m   [0;1mselect sqlite_version(*)[0m
  [4;35;1mSQL (0.8ms)[0m   [0m SELECT name
 FROM sqlite_master
 WHERE type = 'table' AND NOT name = 'sqlite_sequence'
[0m
  [4;36;1mSQL (0.3ms)[0m   [0;1mSELECT version FROM schema_migrations[0m
  [4;35;1mSQL (0.4ms)[0m   [0m SELECT name
 FROM sqlite_master
 WHERE type = 'table' AND NOT name = 'sqlite_sequence'
[0m
  [4;36;1mSQL (0.2ms)[0m   [0;1mPRAGMA index_list("calculatrices")[0m
  [4;35;1mSQL (0.3ms)[0m   [0mselect sqlite_version(*)[0m
  [4;36;1mSQL (0.3ms)[0m   [0;1m SELECT name
 FROM sqlite_master
 WHERE type = 'table' AND NOT name = 'sqlite_sequence'
[0m
  [4;35;1mSQL (6.2ms)[0m   [0mCREATE TABLE "calculatrices" ("id" INTEGER PRIMARY KEY AUTOINCREMENT NOT NULL, "a" integer, "b" integer, "operator" varchar(255), "created_at" datetime, "updated_at" datetime) [0m
  [4;36;1mSQL (0.4ms)[0m   [0;1m SELECT name
 FROM sqlite_master
 WHERE type = 'table' AND NOT name = 'sqlite_sequence'
[0m
  [4;35;1mSQL (2.3ms)[0m   [0mCREATE TABLE "schema_migrations" ("version" varchar(255) NOT NULL) [0m
  [4;36;1mSQL (2.6ms)[0m   [0;1mCREATE UNIQUE INDEX "unique_schema_migrations" ON "schema_migrations" ("version")[0m
  [4;35;1mSQL (0.4ms)[0m   [0m SELECT name
 FROM sqlite_master
 WHERE type = 'table' AND NOT name = 'sqlite_sequence'
[0m
  [4;36;1mSQL (0.1ms)[0m   [0;1mSELECT version FROM "schema_migrations"[0m
  [4;35;1mSQL (2.2ms)[0m   [0mINSERT INTO "schema_migrations" (version) VALUES ('20090218161430')[0m


Processing CalculatriceController#index (for 127.0.0.1 at 2009-02-19 13:17:30) [GET]
Rendering template within layouts/application
Rendering calculatrice/index
Completed in 32ms (View: 18, DB: 0) | 200 OK [http://localhost/calculatrice]


Processing CalculatriceController#index (for 127.0.0.1 at 2009-02-19 13:22:55) [GET]
Rendering template within layouts/application
Rendering calculatrice/index
Completed in 31ms (View: 17, DB: 0) | 200 OK [http://localhost/calculatrice]


Processing CalculatriceController#calculer (for 127.0.0.1 at 2009-02-19 13:29:38) [POST]
  Parameters: {"commit"=>"=", "calculatrice"=>{"a"=>""}, "authenticity_token"=>"OZzsC1YUOwwge5AvwDDBgbPxcXsiVbuHsuklZKlmHo0="}

ActionController::UnknownAction (No action responded to calculer. Actions: index):
  

Rendering rescues/layout (not_found)


Processing CalculatriceController#index (for 127.0.0.1 at 2009-02-19 13:29:41) [GET]
Rendering template within layouts/application
Rendering calculatrice/index
Completed in 108ms (View: 13, DB: 0) | 200 OK [http://localhost/calculatrice]


Processing CalculatriceController#calculer (for 127.0.0.1 at 2009-02-19 13:29:44) [POST]
  Parameters: {"commit"=>"=", "calculatrice"=>{"a"=>"", "b"=>""}, "authenticity_token"=>"OZzsC1YUOwwge5AvwDDBgbPxcXsiVbuHsuklZKlmHo0="}

ActionController::UnknownAction (No action responded to calculer. Actions: index):
  

Rendering rescues/layout (not_found)


Processing CalculatriceController#calculer (for 127.0.0.1 at 2009-02-19 13:32:29) [POST]
  Parameters: {"commit"=>"=", "calculatrice"=>{"a"=>"1", "b"=>"1"}, "authenticity_token"=>"OZzsC1YUOwwge5AvwDDBgbPxcXsiVbuHsuklZKlmHo0="}
Rendering template within layouts/application
Rendering calculatrice/calculer
Completed in 25ms (View: 10, DB: 0) | 200 OK [http://localhost/calculatrice/calculer]


Processing CalculatriceController#calculer (for 127.0.0.1 at 2009-02-19 13:47:56) [POST]
  Parameters: {"commit"=>"=", "calculatrice"=>{"a"=>"1", "b"=>"3"}, "authenticity_token"=>"OZzsC1YUOwwge5AvwDDBgbPxcXsiVbuHsuklZKlmHo0="}
Rendering template within layouts/application
Rendering calculatrice/calculer
Completed in 27ms (View: 10, DB: 0) | 200 OK [http://localhost/calculatrice/calculer]
